{"/home/decante/Desktop/projects/metrics-app/src/data/protocols/http-get-client.ts": {"path":"/home/decante/Desktop/projects/metrics-app/src/data/protocols/http-get-client.ts","all":false,"statementMap":{},"s":{},"branchMap":{},"b":{},"fnMap":{},"f":{}}
,"/home/decante/Desktop/projects/metrics-app/src/data/protocols/http-response.ts": {"path":"/home/decante/Desktop/projects/metrics-app/src/data/protocols/http-response.ts","all":false,"statementMap":{"0":{"start":{"line":1,"column":0},"end":{"line":1,"column":28}},"1":{"start":{"line":2,"column":0},"end":{"line":2,"column":13}},"2":{"start":{"line":3,"column":0},"end":{"line":3,"column":20}},"3":{"start":{"line":4,"column":0},"end":{"line":4,"column":21}},"4":{"start":{"line":5,"column":0},"end":{"line":5,"column":23}},"5":{"start":{"line":6,"column":0},"end":{"line":6,"column":20}},"6":{"start":{"line":7,"column":0},"end":{"line":7,"column":19}},"7":{"start":{"line":8,"column":0},"end":{"line":8,"column":21}}},"s":{"0":1,"1":1,"2":1,"3":1,"4":1,"5":1,"6":1,"7":1},"branchMap":{"0":{"type":"branch","line":1,"loc":{"start":{"line":1,"column":7},"end":{"line":1,"column":28}},"locations":[{"start":{"line":1,"column":7},"end":{"line":1,"column":28}}]}},"b":{"0":[4]},"fnMap":{},"f":{}}
,"/home/decante/Desktop/projects/metrics-app/src/data/test/mock-http-client.ts": {"path":"/home/decante/Desktop/projects/metrics-app/src/data/test/mock-http-client.ts","all":false,"statementMap":{"0":{"start":{"line":1,"column":0},"end":{"line":1,"column":94}},"2":{"start":{"line":3,"column":0},"end":{"line":3,"column":56}},"3":{"start":{"line":4,"column":0},"end":{"line":4,"column":26}},"4":{"start":{"line":5,"column":0},"end":{"line":5,"column":81}},"5":{"start":{"line":6,"column":0},"end":{"line":6,"column":28}},"6":{"start":{"line":7,"column":0},"end":{"line":7,"column":29}},"7":{"start":{"line":8,"column":0},"end":{"line":8,"column":4}},"9":{"start":{"line":10,"column":0},"end":{"line":10,"column":59}},"10":{"start":{"line":11,"column":0},"end":{"line":11,"column":26}},"11":{"start":{"line":12,"column":0},"end":{"line":12,"column":41}},"12":{"start":{"line":13,"column":0},"end":{"line":13,"column":25}},"13":{"start":{"line":14,"column":0},"end":{"line":14,"column":3}},"14":{"start":{"line":15,"column":0},"end":{"line":15,"column":1}}},"s":{"0":1,"2":1,"3":7,"4":7,"5":7,"6":7,"7":7,"9":7,"10":7,"11":7,"12":7,"13":7,"14":7},"branchMap":{"0":{"type":"branch","line":3,"loc":{"start":{"line":3,"column":55},"end":{"line":15,"column":1}},"locations":[{"start":{"line":3,"column":55},"end":{"line":15,"column":1}}]},"1":{"type":"branch","line":10,"loc":{"start":{"line":10,"column":2},"end":{"line":14,"column":3}},"locations":[{"start":{"line":10,"column":2},"end":{"line":14,"column":3}}]}},"b":{"0":[7],"1":[7]},"fnMap":{"0":{"name":"<instance_members_initializer>","decl":{"start":{"line":3,"column":55},"end":{"line":15,"column":1}},"loc":{"start":{"line":3,"column":55},"end":{"line":15,"column":1}},"line":3},"1":{"name":"get","decl":{"start":{"line":10,"column":2},"end":{"line":14,"column":3}},"loc":{"start":{"line":10,"column":2},"end":{"line":14,"column":3}},"line":10}},"f":{"0":7,"1":7}}
,"/home/decante/Desktop/projects/metrics-app/src/data/test/mock-http.ts": {"path":"/home/decante/Desktop/projects/metrics-app/src/data/test/mock-http.ts","all":false,"statementMap":{"0":{"start":{"line":1,"column":0},"end":{"line":1,"column":40}},"2":{"start":{"line":3,"column":0},"end":{"line":3,"column":38}},"3":{"start":{"line":4,"column":0},"end":{"line":4,"column":28}},"4":{"start":{"line":5,"column":0},"end":{"line":5,"column":82}},"5":{"start":{"line":6,"column":0},"end":{"line":6,"column":3}}},"s":{"0":1,"2":1,"3":4,"4":4,"5":4},"branchMap":{"0":{"type":"branch","line":3,"loc":{"start":{"line":3,"column":30},"end":{"line":6,"column":3}},"locations":[{"start":{"line":3,"column":30},"end":{"line":6,"column":3}}]}},"b":{"0":[4]},"fnMap":{"0":{"name":"mockGetRequest","decl":{"start":{"line":3,"column":30},"end":{"line":6,"column":3}},"loc":{"start":{"line":3,"column":30},"end":{"line":6,"column":3}},"line":3}},"f":{"0":4}}
,"/home/decante/Desktop/projects/metrics-app/src/data/usecases/list-categories/remote-list-categories.ts": {"path":"/home/decante/Desktop/projects/metrics-app/src/data/usecases/list-categories/remote-list-categories.ts","all":false,"statementMap":{"0":{"start":{"line":1,"column":0},"end":{"line":1,"column":65}},"1":{"start":{"line":2,"column":0},"end":{"line":2,"column":57}},"6":{"start":{"line":7,"column":0},"end":{"line":7,"column":61}},"7":{"start":{"line":8,"column":0},"end":{"line":8,"column":14}},"8":{"start":{"line":9,"column":0},"end":{"line":9,"column":33}},"9":{"start":{"line":10,"column":0},"end":{"line":10,"column":46}},"10":{"start":{"line":11,"column":0},"end":{"line":11,"column":6}},"11":{"start":{"line":12,"column":0},"end":{"line":12,"column":45}},"12":{"start":{"line":13,"column":0},"end":{"line":13,"column":69}},"14":{"start":{"line":15,"column":0},"end":{"line":15,"column":33}},"15":{"start":{"line":16,"column":0},"end":{"line":16,"column":71}},"16":{"start":{"line":17,"column":0},"end":{"line":17,"column":58}},"17":{"start":{"line":18,"column":0},"end":{"line":18,"column":5}},"18":{"start":{"line":19,"column":0},"end":{"line":19,"column":3}},"19":{"start":{"line":20,"column":0},"end":{"line":20,"column":1}}},"s":{"0":1,"1":1,"6":1,"7":1,"8":2,"9":2,"10":2,"11":1,"12":2,"14":2,"15":2,"16":2,"17":2,"18":2,"19":1},"branchMap":{"0":{"type":"branch","line":8,"loc":{"start":{"line":8,"column":2},"end":{"line":11,"column":6}},"locations":[{"start":{"line":8,"column":2},"end":{"line":11,"column":6}}]},"1":{"type":"branch","line":12,"loc":{"start":{"line":12,"column":2},"end":{"line":19,"column":3}},"locations":[{"start":{"line":12,"column":2},"end":{"line":19,"column":3}}]},"2":{"type":"branch","line":16,"loc":{"start":{"line":16,"column":6},"end":{"line":16,"column":71}},"locations":[{"start":{"line":16,"column":6},"end":{"line":16,"column":71}}]},"3":{"type":"branch","line":17,"loc":{"start":{"line":17,"column":6},"end":{"line":17,"column":58}},"locations":[{"start":{"line":17,"column":6},"end":{"line":17,"column":58}}]}},"b":{"0":[2],"1":[2],"2":[1],"3":[1]},"fnMap":{"0":{"name":"RemoteListCategories","decl":{"start":{"line":8,"column":2},"end":{"line":11,"column":6}},"loc":{"start":{"line":8,"column":2},"end":{"line":11,"column":6}},"line":8},"1":{"name":"listAll","decl":{"start":{"line":12,"column":2},"end":{"line":19,"column":3}},"loc":{"start":{"line":12,"column":2},"end":{"line":19,"column":3}},"line":12}},"f":{"0":2,"1":2}}
,"/home/decante/Desktop/projects/metrics-app/src/data/usecases/list-products/remote-list-products.ts": {"path":"/home/decante/Desktop/projects/metrics-app/src/data/usecases/list-products/remote-list-products.ts","all":false,"statementMap":{"0":{"start":{"line":1,"column":0},"end":{"line":1,"column":65}},"1":{"start":{"line":2,"column":0},"end":{"line":2,"column":55}},"5":{"start":{"line":6,"column":0},"end":{"line":6,"column":56}},"6":{"start":{"line":7,"column":0},"end":{"line":7,"column":15}},"7":{"start":{"line":8,"column":0},"end":{"line":8,"column":33}},"8":{"start":{"line":9,"column":0},"end":{"line":9,"column":46}},"9":{"start":{"line":10,"column":0},"end":{"line":10,"column":6}},"10":{"start":{"line":11,"column":0},"end":{"line":11,"column":19}},"11":{"start":{"line":12,"column":0},"end":{"line":12,"column":69}},"13":{"start":{"line":14,"column":0},"end":{"line":14,"column":33}},"14":{"start":{"line":15,"column":0},"end":{"line":15,"column":69}},"15":{"start":{"line":16,"column":0},"end":{"line":16,"column":57}},"16":{"start":{"line":17,"column":0},"end":{"line":17,"column":5}},"17":{"start":{"line":18,"column":0},"end":{"line":18,"column":3}},"18":{"start":{"line":19,"column":0},"end":{"line":19,"column":1}}},"s":{"0":1,"1":1,"5":1,"6":1,"7":2,"8":2,"9":2,"10":1,"11":2,"13":2,"14":2,"15":2,"16":2,"17":2,"18":1},"branchMap":{"0":{"type":"branch","line":7,"loc":{"start":{"line":7,"column":2},"end":{"line":10,"column":6}},"locations":[{"start":{"line":7,"column":2},"end":{"line":10,"column":6}}]},"1":{"type":"branch","line":11,"loc":{"start":{"line":11,"column":2},"end":{"line":18,"column":3}},"locations":[{"start":{"line":11,"column":2},"end":{"line":18,"column":3}}]},"2":{"type":"branch","line":15,"loc":{"start":{"line":15,"column":6},"end":{"line":15,"column":69}},"locations":[{"start":{"line":15,"column":6},"end":{"line":15,"column":69}}]},"3":{"type":"branch","line":16,"loc":{"start":{"line":16,"column":6},"end":{"line":16,"column":57}},"locations":[{"start":{"line":16,"column":6},"end":{"line":16,"column":57}}]}},"b":{"0":[2],"1":[2],"2":[1],"3":[1]},"fnMap":{"0":{"name":"RemoteListProducts","decl":{"start":{"line":7,"column":2},"end":{"line":10,"column":6}},"loc":{"start":{"line":7,"column":2},"end":{"line":10,"column":6}},"line":7},"1":{"name":"listAll","decl":{"start":{"line":11,"column":2},"end":{"line":18,"column":3}},"loc":{"start":{"line":11,"column":2},"end":{"line":18,"column":3}},"line":11}},"f":{"0":2,"1":2}}
,"/home/decante/Desktop/projects/metrics-app/src/data/usecases/load-metrics/remote-load-metrics.ts": {"path":"/home/decante/Desktop/projects/metrics-app/src/data/usecases/load-metrics/remote-load-metrics.ts","all":false,"statementMap":{"0":{"start":{"line":1,"column":0},"end":{"line":1,"column":65}},"1":{"start":{"line":2,"column":0},"end":{"line":2,"column":53}},"5":{"start":{"line":6,"column":0},"end":{"line":6,"column":55}},"6":{"start":{"line":7,"column":0},"end":{"line":7,"column":14}},"7":{"start":{"line":8,"column":0},"end":{"line":8,"column":33}},"8":{"start":{"line":9,"column":0},"end":{"line":9,"column":46}},"9":{"start":{"line":10,"column":0},"end":{"line":10,"column":6}},"11":{"start":{"line":12,"column":0},"end":{"line":12,"column":67}},"12":{"start":{"line":13,"column":0},"end":{"line":13,"column":52}},"13":{"start":{"line":14,"column":0},"end":{"line":14,"column":20}},"14":{"start":{"line":15,"column":0},"end":{"line":15,"column":20}},"15":{"start":{"line":16,"column":0},"end":{"line":16,"column":51}},"16":{"start":{"line":17,"column":0},"end":{"line":17,"column":47}},"17":{"start":{"line":18,"column":0},"end":{"line":18,"column":38}},"18":{"start":{"line":19,"column":0},"end":{"line":19,"column":35}},"19":{"start":{"line":20,"column":0},"end":{"line":20,"column":7}},"20":{"start":{"line":21,"column":0},"end":{"line":21,"column":7}},"22":{"start":{"line":23,"column":0},"end":{"line":23,"column":34}},"23":{"start":{"line":24,"column":0},"end":{"line":24,"column":69}},"24":{"start":{"line":25,"column":0},"end":{"line":25,"column":56}},"25":{"start":{"line":26,"column":0},"end":{"line":26,"column":5}},"26":{"start":{"line":27,"column":0},"end":{"line":27,"column":3}},"27":{"start":{"line":28,"column":0},"end":{"line":28,"column":1}}},"s":{"0":1,"1":1,"5":1,"6":1,"7":3,"8":3,"9":3,"11":1,"12":3,"13":3,"14":3,"15":3,"16":3,"17":3,"18":3,"19":3,"20":3,"22":3,"23":3,"24":3,"25":3,"26":3,"27":1},"branchMap":{"0":{"type":"branch","line":7,"loc":{"start":{"line":7,"column":2},"end":{"line":10,"column":6}},"locations":[{"start":{"line":7,"column":2},"end":{"line":10,"column":6}}]},"1":{"type":"branch","line":12,"loc":{"start":{"line":12,"column":2},"end":{"line":27,"column":3}},"locations":[{"start":{"line":12,"column":2},"end":{"line":27,"column":3}}]},"2":{"type":"branch","line":24,"loc":{"start":{"line":24,"column":6},"end":{"line":24,"column":69}},"locations":[{"start":{"line":24,"column":6},"end":{"line":24,"column":69}}]},"3":{"type":"branch","line":25,"loc":{"start":{"line":25,"column":6},"end":{"line":25,"column":56}},"locations":[{"start":{"line":25,"column":6},"end":{"line":25,"column":56}}]}},"b":{"0":[3],"1":[3],"2":[1],"3":[2]},"fnMap":{"0":{"name":"RemoteLoadMetrics","decl":{"start":{"line":7,"column":2},"end":{"line":10,"column":6}},"loc":{"start":{"line":7,"column":2},"end":{"line":10,"column":6}},"line":7},"1":{"name":"loadAll","decl":{"start":{"line":12,"column":2},"end":{"line":27,"column":3}},"loc":{"start":{"line":12,"column":2},"end":{"line":27,"column":3}},"line":12}},"f":{"0":3,"1":3}}
,"/home/decante/Desktop/projects/metrics-app/src/domain/errors/invalid-params-error.ts": {"path":"/home/decante/Desktop/projects/metrics-app/src/domain/errors/invalid-params-error.ts","all":false,"statementMap":{"0":{"start":{"line":1,"column":0},"end":{"line":1,"column":46}},"1":{"start":{"line":2,"column":0},"end":{"line":2,"column":18}},"2":{"start":{"line":3,"column":0},"end":{"line":3,"column":36}},"3":{"start":{"line":4,"column":0},"end":{"line":4,"column":32}},"4":{"start":{"line":5,"column":0},"end":{"line":5,"column":3}},"5":{"start":{"line":6,"column":0},"end":{"line":6,"column":1}}},"s":{"0":1,"1":1,"2":3,"3":3,"4":3,"5":1},"branchMap":{"0":{"type":"branch","line":2,"loc":{"start":{"line":2,"column":2},"end":{"line":5,"column":3}},"locations":[{"start":{"line":2,"column":2},"end":{"line":5,"column":3}}]}},"b":{"0":[3]},"fnMap":{"0":{"name":"InvalidParamsError","decl":{"start":{"line":2,"column":2},"end":{"line":5,"column":3}},"loc":{"start":{"line":2,"column":2},"end":{"line":5,"column":3}},"line":2}},"f":{"0":3}}
,"/home/decante/Desktop/projects/metrics-app/src/domain/errors/no-categories-found-error.ts": {"path":"/home/decante/Desktop/projects/metrics-app/src/domain/errors/no-categories-found-error.ts","all":false,"statementMap":{"0":{"start":{"line":1,"column":0},"end":{"line":1,"column":50}},"1":{"start":{"line":2,"column":0},"end":{"line":2,"column":18}},"2":{"start":{"line":3,"column":0},"end":{"line":3,"column":44}},"3":{"start":{"line":4,"column":0},"end":{"line":4,"column":41}},"4":{"start":{"line":5,"column":0},"end":{"line":5,"column":3}},"5":{"start":{"line":6,"column":0},"end":{"line":6,"column":1}}},"s":{"0":1,"1":1,"2":2,"3":2,"4":2,"5":1},"branchMap":{"0":{"type":"branch","line":2,"loc":{"start":{"line":2,"column":2},"end":{"line":5,"column":3}},"locations":[{"start":{"line":2,"column":2},"end":{"line":5,"column":3}}]}},"b":{"0":[2]},"fnMap":{"0":{"name":"NoCategoriesFoundError","decl":{"start":{"line":2,"column":2},"end":{"line":5,"column":3}},"loc":{"start":{"line":2,"column":2},"end":{"line":5,"column":3}},"line":2}},"f":{"0":2}}
,"/home/decante/Desktop/projects/metrics-app/src/domain/errors/no-products-found-error.ts": {"path":"/home/decante/Desktop/projects/metrics-app/src/domain/errors/no-products-found-error.ts","all":false,"statementMap":{"0":{"start":{"line":1,"column":0},"end":{"line":1,"column":48}},"1":{"start":{"line":2,"column":0},"end":{"line":2,"column":18}},"2":{"start":{"line":3,"column":0},"end":{"line":3,"column":42}},"3":{"start":{"line":4,"column":0},"end":{"line":4,"column":39}},"4":{"start":{"line":5,"column":0},"end":{"line":5,"column":3}},"5":{"start":{"line":6,"column":0},"end":{"line":6,"column":1}}},"s":{"0":1,"1":1,"2":2,"3":2,"4":2,"5":1},"branchMap":{"0":{"type":"branch","line":2,"loc":{"start":{"line":2,"column":2},"end":{"line":5,"column":3}},"locations":[{"start":{"line":2,"column":2},"end":{"line":5,"column":3}}]}},"b":{"0":[2]},"fnMap":{"0":{"name":"NoProductsFoundError","decl":{"start":{"line":2,"column":2},"end":{"line":5,"column":3}},"loc":{"start":{"line":2,"column":2},"end":{"line":5,"column":3}},"line":2}},"f":{"0":2}}
,"/home/decante/Desktop/projects/metrics-app/src/domain/models/category-model.ts": {"path":"/home/decante/Desktop/projects/metrics-app/src/domain/models/category-model.ts","all":true,"statementMap":{},"s":{},"branchMap":{"0":{"type":"branch","line":1,"loc":{"start":{"line":1,"column":61},"end":{"line":4,"column":1}},"locations":[{"start":{"line":1,"column":61},"end":{"line":4,"column":1}}]}},"b":{"0":[1]},"fnMap":{"0":{"name":"(empty-report)","decl":{"start":{"line":1,"column":61},"end":{"line":4,"column":1}},"loc":{"start":{"line":1,"column":61},"end":{"line":4,"column":1}},"line":1}},"f":{"0":1}}
,"/home/decante/Desktop/projects/metrics-app/src/domain/models/metric-model.ts": {"path":"/home/decante/Desktop/projects/metrics-app/src/domain/models/metric-model.ts","all":true,"statementMap":{},"s":{},"branchMap":{"0":{"type":"branch","line":1,"loc":{"start":{"line":1,"column":271},"end":{"line":15,"column":1}},"locations":[{"start":{"line":1,"column":271},"end":{"line":15,"column":1}}]}},"b":{"0":[1]},"fnMap":{"0":{"name":"(empty-report)","decl":{"start":{"line":1,"column":271},"end":{"line":15,"column":1}},"loc":{"start":{"line":1,"column":271},"end":{"line":15,"column":1}},"line":1}},"f":{"0":1}}
,"/home/decante/Desktop/projects/metrics-app/src/domain/models/product-model.ts": {"path":"/home/decante/Desktop/projects/metrics-app/src/domain/models/product-model.ts","all":true,"statementMap":{},"s":{},"branchMap":{"0":{"type":"branch","line":1,"loc":{"start":{"line":1,"column":130},"end":{"line":7,"column":1}},"locations":[{"start":{"line":1,"column":130},"end":{"line":7,"column":1}}]}},"b":{"0":[1]},"fnMap":{"0":{"name":"(empty-report)","decl":{"start":{"line":1,"column":130},"end":{"line":7,"column":1}},"loc":{"start":{"line":1,"column":130},"end":{"line":7,"column":1}},"line":1}},"f":{"0":1}}
,"/home/decante/Desktop/projects/metrics-app/src/domain/services/date-range-service.ts": {"path":"/home/decante/Desktop/projects/metrics-app/src/domain/services/date-range-service.ts","all":false,"statementMap":{"0":{"start":{"line":1,"column":0},"end":{"line":1,"column":61}},"3":{"start":{"line":4,"column":0},"end":{"line":4,"column":31}},"4":{"start":{"line":5,"column":0},"end":{"line":5,"column":29}},"5":{"start":{"line":6,"column":0},"end":{"line":6,"column":29}},"6":{"start":{"line":7,"column":0},"end":{"line":7,"column":38}},"7":{"start":{"line":8,"column":0},"end":{"line":8,"column":3}},"9":{"start":{"line":10,"column":0},"end":{"line":10,"column":33}},"10":{"start":{"line":11,"column":0},"end":{"line":11,"column":29}},"11":{"start":{"line":12,"column":0},"end":{"line":12,"column":40}},"12":{"start":{"line":13,"column":0},"end":{"line":13,"column":46}},"13":{"start":{"line":14,"column":0},"end":{"line":14,"column":3}},"15":{"start":{"line":16,"column":0},"end":{"line":16,"column":33}},"16":{"start":{"line":17,"column":0},"end":{"line":17,"column":29}},"17":{"start":{"line":18,"column":0},"end":{"line":18,"column":50}},"18":{"start":{"line":19,"column":0},"end":{"line":19,"column":3}},"20":{"start":{"line":21,"column":0},"end":{"line":21,"column":34}},"21":{"start":{"line":22,"column":0},"end":{"line":22,"column":29}},"22":{"start":{"line":23,"column":0},"end":{"line":23,"column":51}},"23":{"start":{"line":24,"column":0},"end":{"line":24,"column":3}},"25":{"start":{"line":26,"column":0},"end":{"line":26,"column":33}},"26":{"start":{"line":27,"column":0},"end":{"line":27,"column":29}},"27":{"start":{"line":28,"column":0},"end":{"line":28,"column":64}},"28":{"start":{"line":29,"column":0},"end":{"line":29,"column":3}},"30":{"start":{"line":31,"column":0},"end":{"line":31,"column":33}},"31":{"start":{"line":32,"column":0},"end":{"line":32,"column":29}},"32":{"start":{"line":33,"column":0},"end":{"line":33,"column":58}},"33":{"start":{"line":34,"column":0},"end":{"line":34,"column":80}},"34":{"start":{"line":35,"column":0},"end":{"line":35,"column":3}},"35":{"start":{"line":36,"column":0},"end":{"line":36,"column":1}}},"s":{"0":1,"3":1,"4":1,"5":1,"6":1,"7":1,"9":1,"10":1,"11":1,"12":1,"13":1,"15":1,"16":1,"17":1,"18":1,"20":1,"21":1,"22":1,"23":1,"25":1,"26":1,"27":1,"28":1,"30":1,"31":1,"32":1,"33":1,"34":1,"35":1},"branchMap":{"0":{"type":"branch","line":5,"loc":{"start":{"line":5,"column":9},"end":{"line":8,"column":3}},"locations":[{"start":{"line":5,"column":9},"end":{"line":8,"column":3}}]},"1":{"type":"branch","line":10,"loc":{"start":{"line":10,"column":9},"end":{"line":14,"column":3}},"locations":[{"start":{"line":10,"column":9},"end":{"line":14,"column":3}}]},"2":{"type":"branch","line":16,"loc":{"start":{"line":16,"column":9},"end":{"line":19,"column":3}},"locations":[{"start":{"line":16,"column":9},"end":{"line":19,"column":3}}]},"3":{"type":"branch","line":21,"loc":{"start":{"line":21,"column":9},"end":{"line":24,"column":3}},"locations":[{"start":{"line":21,"column":9},"end":{"line":24,"column":3}}]},"4":{"type":"branch","line":26,"loc":{"start":{"line":26,"column":9},"end":{"line":29,"column":3}},"locations":[{"start":{"line":26,"column":9},"end":{"line":29,"column":3}}]},"5":{"type":"branch","line":31,"loc":{"start":{"line":31,"column":9},"end":{"line":35,"column":3}},"locations":[{"start":{"line":31,"column":9},"end":{"line":35,"column":3}}]}},"b":{"0":[1],"1":[1],"2":[1],"3":[1],"4":[1],"5":[1]},"fnMap":{"0":{"name":"today","decl":{"start":{"line":5,"column":9},"end":{"line":8,"column":3}},"loc":{"start":{"line":5,"column":9},"end":{"line":8,"column":3}},"line":5},"1":{"name":"yesterday","decl":{"start":{"line":10,"column":9},"end":{"line":14,"column":3}},"loc":{"start":{"line":10,"column":9},"end":{"line":14,"column":3}},"line":10},"2":{"name":"last7Days","decl":{"start":{"line":16,"column":9},"end":{"line":19,"column":3}},"loc":{"start":{"line":16,"column":9},"end":{"line":19,"column":3}},"line":16},"3":{"name":"last30Days","decl":{"start":{"line":21,"column":9},"end":{"line":24,"column":3}},"loc":{"start":{"line":21,"column":9},"end":{"line":24,"column":3}},"line":21},"4":{"name":"thisMonth","decl":{"start":{"line":26,"column":9},"end":{"line":29,"column":3}},"loc":{"start":{"line":26,"column":9},"end":{"line":29,"column":3}},"line":26},"5":{"name":"lastMonth","decl":{"start":{"line":31,"column":9},"end":{"line":35,"column":3}},"loc":{"start":{"line":31,"column":9},"end":{"line":35,"column":3}},"line":31}},"f":{"0":1,"1":1,"2":1,"3":1,"4":1,"5":1}}
,"/home/decante/Desktop/projects/metrics-app/src/domain/test/mock-categories.ts": {"path":"/home/decante/Desktop/projects/metrics-app/src/domain/test/mock-categories.ts","all":false,"statementMap":{"1":{"start":{"line":2,"column":0},"end":{"line":2,"column":40}},"3":{"start":{"line":4,"column":0},"end":{"line":4,"column":59}},"4":{"start":{"line":5,"column":0},"end":{"line":5,"column":46}},"6":{"start":{"line":7,"column":0},"end":{"line":7,"column":38}},"7":{"start":{"line":8,"column":0},"end":{"line":8,"column":55}},"8":{"start":{"line":9,"column":0},"end":{"line":9,"column":3}},"10":{"start":{"line":11,"column":0},"end":{"line":11,"column":55}},"11":{"start":{"line":12,"column":0},"end":{"line":12,"column":28}},"12":{"start":{"line":13,"column":0},"end":{"line":13,"column":9}},"13":{"start":{"line":14,"column":0},"end":{"line":14,"column":6}},"14":{"start":{"line":15,"column":0},"end":{"line":15,"column":2}}},"s":{"1":1,"3":1,"4":19,"6":19,"7":62,"8":62,"10":19,"11":57,"12":57,"13":19,"14":19},"branchMap":{"0":{"type":"branch","line":4,"loc":{"start":{"line":4,"column":35},"end":{"line":15,"column":2}},"locations":[{"start":{"line":4,"column":35},"end":{"line":15,"column":2}}]},"1":{"type":"branch","line":7,"loc":{"start":{"line":7,"column":37},"end":{"line":9,"column":3}},"locations":[{"start":{"line":7,"column":37},"end":{"line":9,"column":3}}]},"2":{"type":"branch","line":11,"loc":{"start":{"line":11,"column":43},"end":{"line":14,"column":4}},"locations":[{"start":{"line":11,"column":43},"end":{"line":14,"column":4}}]}},"b":{"0":[19],"1":[62],"2":[57]},"fnMap":{"0":{"name":"mockCategoriesModel","decl":{"start":{"line":4,"column":35},"end":{"line":15,"column":2}},"loc":{"start":{"line":4,"column":35},"end":{"line":15,"column":2}},"line":4}},"f":{"0":19}}
,"/home/decante/Desktop/projects/metrics-app/src/domain/test/mock-metrics.ts": {"path":"/home/decante/Desktop/projects/metrics-app/src/domain/test/mock-metrics.ts","all":false,"statementMap":{"0":{"start":{"line":1,"column":0},"end":{"line":1,"column":40}},"3":{"start":{"line":4,"column":0},"end":{"line":4,"column":53}},"4":{"start":{"line":5,"column":0},"end":{"line":5,"column":19}},"5":{"start":{"line":6,"column":0},"end":{"line":6,"column":15}},"6":{"start":{"line":7,"column":0},"end":{"line":7,"column":14}},"7":{"start":{"line":8,"column":0},"end":{"line":8,"column":7}},"8":{"start":{"line":9,"column":0},"end":{"line":9,"column":48}},"9":{"start":{"line":10,"column":0},"end":{"line":10,"column":17}},"10":{"start":{"line":11,"column":0},"end":{"line":11,"column":8}},"11":{"start":{"line":12,"column":0},"end":{"line":12,"column":7}},"12":{"start":{"line":13,"column":0},"end":{"line":13,"column":48}},"13":{"start":{"line":14,"column":0},"end":{"line":14,"column":18}},"14":{"start":{"line":15,"column":0},"end":{"line":15,"column":8}},"15":{"start":{"line":16,"column":0},"end":{"line":16,"column":7}},"16":{"start":{"line":17,"column":0},"end":{"line":17,"column":48}},"17":{"start":{"line":18,"column":0},"end":{"line":18,"column":18}},"18":{"start":{"line":19,"column":0},"end":{"line":19,"column":8}},"19":{"start":{"line":20,"column":0},"end":{"line":20,"column":5}},"20":{"start":{"line":21,"column":0},"end":{"line":21,"column":4}},"21":{"start":{"line":22,"column":0},"end":{"line":22,"column":20}},"22":{"start":{"line":23,"column":0},"end":{"line":23,"column":16}},"23":{"start":{"line":24,"column":0},"end":{"line":24,"column":27}},"24":{"start":{"line":25,"column":0},"end":{"line":25,"column":4}},"25":{"start":{"line":26,"column":0},"end":{"line":26,"column":19}},"26":{"start":{"line":27,"column":0},"end":{"line":27,"column":61}},"27":{"start":{"line":28,"column":0},"end":{"line":28,"column":15}},"28":{"start":{"line":29,"column":0},"end":{"line":29,"column":7}},"29":{"start":{"line":30,"column":0},"end":{"line":30,"column":46}},"30":{"start":{"line":31,"column":0},"end":{"line":31,"column":36}},"31":{"start":{"line":32,"column":0},"end":{"line":32,"column":8}},"32":{"start":{"line":33,"column":0},"end":{"line":33,"column":7}},"33":{"start":{"line":34,"column":0},"end":{"line":34,"column":46}},"34":{"start":{"line":35,"column":0},"end":{"line":35,"column":36}},"35":{"start":{"line":36,"column":0},"end":{"line":36,"column":8}},"36":{"start":{"line":37,"column":0},"end":{"line":37,"column":7}},"37":{"start":{"line":38,"column":0},"end":{"line":38,"column":46}},"38":{"start":{"line":39,"column":0},"end":{"line":39,"column":36}},"39":{"start":{"line":40,"column":0},"end":{"line":40,"column":7}},"40":{"start":{"line":41,"column":0},"end":{"line":41,"column":5}},"41":{"start":{"line":42,"column":0},"end":{"line":42,"column":4}},"43":{"start":{"line":44,"column":0},"end":{"line":44,"column":10}},"44":{"start":{"line":45,"column":0},"end":{"line":45,"column":11}},"45":{"start":{"line":46,"column":0},"end":{"line":46,"column":12}},"46":{"start":{"line":47,"column":0},"end":{"line":47,"column":11}},"47":{"start":{"line":48,"column":0},"end":{"line":48,"column":4}},"48":{"start":{"line":49,"column":0},"end":{"line":49,"column":2}}},"s":{"0":1,"3":1,"4":19,"5":19,"6":19,"7":19,"8":19,"9":19,"10":19,"11":19,"12":19,"13":19,"14":19,"15":19,"16":19,"17":19,"18":19,"19":19,"20":19,"21":19,"22":19,"23":19,"24":19,"25":19,"26":19,"27":19,"28":19,"29":19,"30":19,"31":19,"32":19,"33":19,"34":19,"35":19,"36":19,"37":19,"38":19,"39":19,"40":19,"41":19,"43":19,"44":19,"45":19,"46":19,"47":19,"48":19},"branchMap":{"0":{"type":"branch","line":4,"loc":{"start":{"line":4,"column":32},"end":{"line":49,"column":2}},"locations":[{"start":{"line":4,"column":32},"end":{"line":49,"column":2}}]}},"b":{"0":[19]},"fnMap":{"0":{"name":"mockMetricsModel","decl":{"start":{"line":4,"column":32},"end":{"line":49,"column":2}},"loc":{"start":{"line":4,"column":32},"end":{"line":49,"column":2}},"line":4}},"f":{"0":19}}
,"/home/decante/Desktop/projects/metrics-app/src/domain/test/mock-products.ts": {"path":"/home/decante/Desktop/projects/metrics-app/src/domain/test/mock-products.ts","all":false,"statementMap":{"1":{"start":{"line":2,"column":0},"end":{"line":2,"column":40}},"3":{"start":{"line":4,"column":0},"end":{"line":4,"column":56}},"4":{"start":{"line":5,"column":0},"end":{"line":5,"column":46}},"6":{"start":{"line":7,"column":0},"end":{"line":7,"column":38}},"7":{"start":{"line":8,"column":0},"end":{"line":8,"column":52}},"8":{"start":{"line":9,"column":0},"end":{"line":9,"column":3}},"10":{"start":{"line":11,"column":0},"end":{"line":11,"column":55}},"11":{"start":{"line":12,"column":0},"end":{"line":12,"column":28}},"12":{"start":{"line":13,"column":0},"end":{"line":13,"column":9}},"13":{"start":{"line":14,"column":0},"end":{"line":14,"column":53}},"14":{"start":{"line":15,"column":0},"end":{"line":15,"column":42}},"15":{"start":{"line":16,"column":0},"end":{"line":16,"column":59}},"16":{"start":{"line":17,"column":0},"end":{"line":17,"column":6}},"17":{"start":{"line":18,"column":0},"end":{"line":18,"column":2}}},"s":{"1":1,"3":1,"4":19,"6":19,"7":57,"8":57,"10":19,"11":57,"12":57,"13":57,"14":57,"15":57,"16":19,"17":19},"branchMap":{"0":{"type":"branch","line":4,"loc":{"start":{"line":4,"column":33},"end":{"line":18,"column":2}},"locations":[{"start":{"line":4,"column":33},"end":{"line":18,"column":2}}]},"1":{"type":"branch","line":7,"loc":{"start":{"line":7,"column":37},"end":{"line":9,"column":3}},"locations":[{"start":{"line":7,"column":37},"end":{"line":9,"column":3}}]},"2":{"type":"branch","line":11,"loc":{"start":{"line":11,"column":43},"end":{"line":17,"column":4}},"locations":[{"start":{"line":11,"column":43},"end":{"line":17,"column":4}}]}},"b":{"0":[19],"1":[57],"2":[57]},"fnMap":{"0":{"name":"mockProductsModel","decl":{"start":{"line":4,"column":33},"end":{"line":18,"column":2}},"loc":{"start":{"line":4,"column":33},"end":{"line":18,"column":2}},"line":4}},"f":{"0":19}}
,"/home/decante/Desktop/projects/metrics-app/src/domain/usecases/list-categories.ts": {"path":"/home/decante/Desktop/projects/metrics-app/src/domain/usecases/list-categories.ts","all":true,"statementMap":{},"s":{},"branchMap":{"0":{"type":"branch","line":1,"loc":{"start":{"line":1,"column":117},"end":{"line":5,"column":1}},"locations":[{"start":{"line":1,"column":117},"end":{"line":5,"column":1}}]}},"b":{"0":[1]},"fnMap":{"0":{"name":"(empty-report)","decl":{"start":{"line":1,"column":117},"end":{"line":5,"column":1}},"loc":{"start":{"line":1,"column":117},"end":{"line":5,"column":1}},"line":1}},"f":{"0":1}}
,"/home/decante/Desktop/projects/metrics-app/src/domain/usecases/list-products.ts": {"path":"/home/decante/Desktop/projects/metrics-app/src/domain/usecases/list-products.ts","all":true,"statementMap":{},"s":{},"branchMap":{"0":{"type":"branch","line":1,"loc":{"start":{"line":1,"column":113},"end":{"line":5,"column":1}},"locations":[{"start":{"line":1,"column":113},"end":{"line":5,"column":1}}]}},"b":{"0":[1]},"fnMap":{"0":{"name":"(empty-report)","decl":{"start":{"line":1,"column":113},"end":{"line":5,"column":1}},"loc":{"start":{"line":1,"column":113},"end":{"line":5,"column":1}},"line":1}},"f":{"0":1}}
,"/home/decante/Desktop/projects/metrics-app/src/domain/usecases/load-metrics.ts": {"path":"/home/decante/Desktop/projects/metrics-app/src/domain/usecases/load-metrics.ts","all":true,"statementMap":{},"s":{},"branchMap":{"0":{"type":"branch","line":1,"loc":{"start":{"line":1,"column":255},"end":{"line":12,"column":1}},"locations":[{"start":{"line":1,"column":255},"end":{"line":12,"column":1}}]}},"b":{"0":[1]},"fnMap":{"0":{"name":"(empty-report)","decl":{"start":{"line":1,"column":255},"end":{"line":12,"column":1}},"loc":{"start":{"line":1,"column":255},"end":{"line":12,"column":1}},"line":1}},"f":{"0":1}}
,"/home/decante/Desktop/projects/metrics-app/src/infra/http/axios-http-client.ts": {"path":"/home/decante/Desktop/projects/metrics-app/src/infra/http/axios-http-client.ts","all":false,"statementMap":{"2":{"start":{"line":3,"column":0},"end":{"line":3,"column":26}},"4":{"start":{"line":5,"column":0},"end":{"line":5,"column":55}},"5":{"start":{"line":6,"column":0},"end":{"line":6,"column":59}},"6":{"start":{"line":7,"column":0},"end":{"line":7,"column":9}},"7":{"start":{"line":8,"column":0},"end":{"line":8,"column":83}},"8":{"start":{"line":9,"column":0},"end":{"line":9,"column":14}},"9":{"start":{"line":10,"column":0},"end":{"line":10,"column":32}},"10":{"start":{"line":11,"column":0},"end":{"line":11,"column":28}},"11":{"start":{"line":12,"column":0},"end":{"line":12,"column":8}},"12":{"start":{"line":13,"column":0},"end":{"line":13,"column":21}},"13":{"start":{"line":14,"column":0},"end":{"line":14,"column":56}},"14":{"start":{"line":15,"column":0},"end":{"line":15,"column":16}},"15":{"start":{"line":16,"column":0},"end":{"line":16,"column":40}},"16":{"start":{"line":17,"column":0},"end":{"line":17,"column":36}},"17":{"start":{"line":18,"column":0},"end":{"line":18,"column":10}},"18":{"start":{"line":19,"column":0},"end":{"line":19,"column":7}},"20":{"start":{"line":21,"column":0},"end":{"line":21,"column":14}},"21":{"start":{"line":22,"column":0},"end":{"line":22,"column":20}},"22":{"start":{"line":23,"column":0},"end":{"line":23,"column":55}},"23":{"start":{"line":24,"column":0},"end":{"line":24,"column":8}},"24":{"start":{"line":25,"column":0},"end":{"line":25,"column":5}},"25":{"start":{"line":26,"column":0},"end":{"line":26,"column":3}},"26":{"start":{"line":27,"column":0},"end":{"line":27,"column":1}}},"s":{"2":1,"4":1,"5":1,"6":4,"7":4,"8":2,"9":2,"10":2,"11":2,"12":2,"13":2,"14":1,"15":1,"16":1,"17":1,"18":1,"20":1,"21":1,"22":1,"23":1,"24":1,"25":4,"26":1},"branchMap":{"0":{"type":"branch","line":6,"loc":{"start":{"line":6,"column":2},"end":{"line":26,"column":3}},"locations":[{"start":{"line":6,"column":2},"end":{"line":26,"column":3}}]},"1":{"type":"branch","line":8,"loc":{"start":{"line":8,"column":81},"end":{"line":25,"column":5}},"locations":[{"start":{"line":8,"column":81},"end":{"line":25,"column":5}}]},"2":{"type":"branch","line":14,"loc":{"start":{"line":14,"column":34},"end":{"line":14,"column":55}},"locations":[{"start":{"line":14,"column":34},"end":{"line":14,"column":55}}]},"3":{"type":"branch","line":14,"loc":{"start":{"line":14,"column":55},"end":{"line":25,"column":5}},"locations":[{"start":{"line":14,"column":55},"end":{"line":25,"column":5}}]}},"b":{"0":[4],"1":[2],"2":[1],"3":[1]},"fnMap":{"0":{"name":"get","decl":{"start":{"line":6,"column":2},"end":{"line":26,"column":3}},"loc":{"start":{"line":6,"column":2},"end":{"line":26,"column":3}},"line":6}},"f":{"0":4}}
,"/home/decante/Desktop/projects/metrics-app/src/infra/test/mock-http-response.ts": {"path":"/home/decante/Desktop/projects/metrics-app/src/infra/test/mock-http-response.ts","all":false,"statementMap":{"0":{"start":{"line":1,"column":0},"end":{"line":1,"column":40}},"2":{"start":{"line":3,"column":0},"end":{"line":3,"column":40}},"3":{"start":{"line":4,"column":0},"end":{"line":4,"column":34}},"4":{"start":{"line":5,"column":0},"end":{"line":5,"column":28}},"5":{"start":{"line":6,"column":0},"end":{"line":6,"column":3}}},"s":{"0":1,"2":1,"3":4,"4":4,"5":4},"branchMap":{"0":{"type":"branch","line":3,"loc":{"start":{"line":3,"column":32},"end":{"line":6,"column":3}},"locations":[{"start":{"line":3,"column":32},"end":{"line":6,"column":3}}]}},"b":{"0":[4]},"fnMap":{"0":{"name":"mockHttpResponse","decl":{"start":{"line":3,"column":32},"end":{"line":6,"column":3}},"loc":{"start":{"line":3,"column":32},"end":{"line":6,"column":3}},"line":3}},"f":{"0":4}}
,"/home/decante/Desktop/projects/metrics-app/src/presentation/components/molecules/CustomCard.tsx": {"path":"/home/decante/Desktop/projects/metrics-app/src/presentation/components/molecules/CustomCard.tsx","all":false,"statementMap":{"1":{"start":{"line":2,"column":0},"end":{"line":2,"column":42}},"2":{"start":{"line":3,"column":0},"end":{"line":3,"column":70}},"10":{"start":{"line":11,"column":0},"end":{"line":11,"column":56}},"11":{"start":{"line":12,"column":0},"end":{"line":12,"column":12}},"12":{"start":{"line":13,"column":0},"end":{"line":13,"column":8}},"13":{"start":{"line":14,"column":0},"end":{"line":14,"column":10}},"14":{"start":{"line":15,"column":0},"end":{"line":15,"column":18}},"15":{"start":{"line":16,"column":0},"end":{"line":16,"column":65}},"16":{"start":{"line":17,"column":0},"end":{"line":17,"column":8}},"17":{"start":{"line":18,"column":0},"end":{"line":18,"column":16}},"18":{"start":{"line":19,"column":0},"end":{"line":19,"column":66}},"19":{"start":{"line":20,"column":0},"end":{"line":20,"column":17}},"20":{"start":{"line":21,"column":0},"end":{"line":21,"column":17}},"21":{"start":{"line":22,"column":0},"end":{"line":22,"column":16}},"22":{"start":{"line":23,"column":0},"end":{"line":23,"column":18}},"23":{"start":{"line":24,"column":0},"end":{"line":24,"column":9}}},"s":{"1":1,"2":1,"10":1,"11":84,"12":84,"13":84,"14":84,"15":21,"16":63,"17":63,"18":63,"19":63,"20":63,"21":63,"22":63,"23":63},"branchMap":{"0":{"type":"branch","line":11,"loc":{"start":{"line":11,"column":53},"end":{"line":24,"column":9}},"locations":[{"start":{"line":11,"column":53},"end":{"line":24,"column":9}}]},"1":{"type":"branch","line":15,"loc":{"start":{"line":15,"column":6},"end":{"line":16,"column":65}},"locations":[{"start":{"line":15,"column":6},"end":{"line":16,"column":65}}]},"2":{"type":"branch","line":16,"loc":{"start":{"line":16,"column":57},"end":{"line":24,"column":9}},"locations":[{"start":{"line":16,"column":57},"end":{"line":24,"column":9}}]}},"b":{"0":[84],"1":[21],"2":[63]},"fnMap":{"0":{"name":"CustomCard","decl":{"start":{"line":11,"column":53},"end":{"line":24,"column":9}},"loc":{"start":{"line":11,"column":53},"end":{"line":24,"column":9}},"line":11}},"f":{"0":84}}
,"/home/decante/Desktop/projects/metrics-app/src/presentation/components/organisms/FilterAccordion.tsx": {"path":"/home/decante/Desktop/projects/metrics-app/src/presentation/components/organisms/FilterAccordion.tsx","all":false,"statementMap":{"1":{"start":{"line":2,"column":0},"end":{"line":2,"column":118}},"2":{"start":{"line":3,"column":0},"end":{"line":3,"column":142}},"4":{"start":{"line":5,"column":0},"end":{"line":5,"column":72}},"5":{"start":{"line":6,"column":0},"end":{"line":6,"column":38}},"6":{"start":{"line":7,"column":0},"end":{"line":7,"column":44}},"7":{"start":{"line":8,"column":0},"end":{"line":8,"column":42}},"8":{"start":{"line":9,"column":0},"end":{"line":9,"column":34}},"9":{"start":{"line":10,"column":0},"end":{"line":10,"column":33}},"10":{"start":{"line":11,"column":0},"end":{"line":11,"column":56}},"21":{"start":{"line":22,"column":0},"end":{"line":22,"column":62}},"22":{"start":{"line":23,"column":0},"end":{"line":23,"column":7}},"23":{"start":{"line":24,"column":0},"end":{"line":24,"column":10}},"24":{"start":{"line":25,"column":0},"end":{"line":25,"column":14}},"25":{"start":{"line":26,"column":0},"end":{"line":26,"column":22}},"26":{"start":{"line":27,"column":0},"end":{"line":27,"column":11}},"27":{"start":{"line":28,"column":0},"end":{"line":28,"column":20}},"28":{"start":{"line":29,"column":0},"end":{"line":29,"column":7}},"29":{"start":{"line":30,"column":0},"end":{"line":30,"column":46}},"30":{"start":{"line":31,"column":0},"end":{"line":31,"column":68}},"32":{"start":{"line":33,"column":0},"end":{"line":33,"column":10}},"33":{"start":{"line":34,"column":0},"end":{"line":34,"column":117}},"34":{"start":{"line":35,"column":0},"end":{"line":35,"column":36}},"35":{"start":{"line":36,"column":0},"end":{"line":36,"column":121}},"36":{"start":{"line":37,"column":0},"end":{"line":37,"column":76}},"37":{"start":{"line":38,"column":0},"end":{"line":38,"column":63}},"38":{"start":{"line":39,"column":0},"end":{"line":39,"column":60}},"39":{"start":{"line":40,"column":0},"end":{"line":40,"column":38}},"40":{"start":{"line":41,"column":0},"end":{"line":41,"column":23}},"41":{"start":{"line":42,"column":0},"end":{"line":42,"column":27}},"42":{"start":{"line":43,"column":0},"end":{"line":43,"column":37}},"43":{"start":{"line":44,"column":0},"end":{"line":44,"column":87}},"44":{"start":{"line":45,"column":0},"end":{"line":45,"column":50}},"46":{"start":{"line":47,"column":0},"end":{"line":47,"column":34}},"47":{"start":{"line":48,"column":0},"end":{"line":48,"column":33}},"48":{"start":{"line":49,"column":0},"end":{"line":49,"column":31}},"49":{"start":{"line":50,"column":0},"end":{"line":50,"column":24}},"50":{"start":{"line":51,"column":0},"end":{"line":51,"column":63}},"51":{"start":{"line":52,"column":0},"end":{"line":52,"column":54}},"52":{"start":{"line":53,"column":0},"end":{"line":53,"column":25}},"54":{"start":{"line":55,"column":0},"end":{"line":55,"column":52}},"57":{"start":{"line":58,"column":0},"end":{"line":58,"column":44}},"59":{"start":{"line":60,"column":0},"end":{"line":60,"column":25}},"60":{"start":{"line":61,"column":0},"end":{"line":61,"column":31}},"61":{"start":{"line":62,"column":0},"end":{"line":62,"column":72}},"62":{"start":{"line":63,"column":0},"end":{"line":63,"column":88}},"63":{"start":{"line":64,"column":0},"end":{"line":64,"column":26}},"64":{"start":{"line":65,"column":0},"end":{"line":65,"column":57}},"65":{"start":{"line":66,"column":0},"end":{"line":66,"column":66}},"66":{"start":{"line":67,"column":0},"end":{"line":67,"column":19}},"68":{"start":{"line":69,"column":0},"end":{"line":69,"column":27}},"69":{"start":{"line":70,"column":0},"end":{"line":70,"column":26}},"70":{"start":{"line":71,"column":0},"end":{"line":71,"column":61}},"71":{"start":{"line":72,"column":0},"end":{"line":72,"column":70}},"72":{"start":{"line":73,"column":0},"end":{"line":73,"column":19}},"74":{"start":{"line":75,"column":0},"end":{"line":75,"column":27}},"75":{"start":{"line":76,"column":0},"end":{"line":76,"column":26}},"76":{"start":{"line":77,"column":0},"end":{"line":77,"column":63}},"77":{"start":{"line":78,"column":0},"end":{"line":78,"column":70}},"78":{"start":{"line":79,"column":0},"end":{"line":79,"column":19}},"80":{"start":{"line":81,"column":0},"end":{"line":81,"column":27}},"81":{"start":{"line":82,"column":0},"end":{"line":82,"column":26}},"82":{"start":{"line":83,"column":0},"end":{"line":83,"column":64}},"83":{"start":{"line":84,"column":0},"end":{"line":84,"column":71}},"84":{"start":{"line":85,"column":0},"end":{"line":85,"column":19}},"86":{"start":{"line":87,"column":0},"end":{"line":87,"column":27}},"87":{"start":{"line":88,"column":0},"end":{"line":88,"column":26}},"88":{"start":{"line":89,"column":0},"end":{"line":89,"column":55}},"89":{"start":{"line":90,"column":0},"end":{"line":90,"column":70}},"90":{"start":{"line":91,"column":0},"end":{"line":91,"column":19}},"92":{"start":{"line":93,"column":0},"end":{"line":93,"column":27}},"93":{"start":{"line":94,"column":0},"end":{"line":94,"column":26}},"94":{"start":{"line":95,"column":0},"end":{"line":95,"column":55}},"95":{"start":{"line":96,"column":0},"end":{"line":96,"column":70}},"96":{"start":{"line":97,"column":0},"end":{"line":97,"column":19}},"98":{"start":{"line":99,"column":0},"end":{"line":99,"column":27}},"99":{"start":{"line":100,"column":0},"end":{"line":100,"column":22}},"100":{"start":{"line":101,"column":0},"end":{"line":101,"column":25}},"101":{"start":{"line":102,"column":0},"end":{"line":102,"column":30}},"102":{"start":{"line":103,"column":0},"end":{"line":103,"column":30}},"103":{"start":{"line":104,"column":0},"end":{"line":104,"column":43}},"104":{"start":{"line":105,"column":0},"end":{"line":105,"column":33}},"105":{"start":{"line":106,"column":0},"end":{"line":106,"column":36}},"106":{"start":{"line":107,"column":0},"end":{"line":107,"column":36}},"107":{"start":{"line":108,"column":0},"end":{"line":108,"column":18}},"108":{"start":{"line":109,"column":0},"end":{"line":109,"column":31}},"109":{"start":{"line":110,"column":0},"end":{"line":110,"column":22}},"110":{"start":{"line":111,"column":0},"end":{"line":111,"column":16}},"111":{"start":{"line":112,"column":0},"end":{"line":112,"column":54}},"112":{"start":{"line":113,"column":0},"end":{"line":113,"column":99}},"113":{"start":{"line":114,"column":0},"end":{"line":114,"column":105}},"114":{"start":{"line":115,"column":0},"end":{"line":115,"column":28}},"115":{"start":{"line":116,"column":0},"end":{"line":116,"column":27}},"116":{"start":{"line":117,"column":0},"end":{"line":117,"column":27}},"117":{"start":{"line":118,"column":0},"end":{"line":118,"column":53}},"118":{"start":{"line":119,"column":0},"end":{"line":119,"column":44}},"119":{"start":{"line":120,"column":0},"end":{"line":120,"column":124}},"120":{"start":{"line":121,"column":0},"end":{"line":121,"column":31}},"121":{"start":{"line":122,"column":0},"end":{"line":122,"column":31}},"122":{"start":{"line":123,"column":0},"end":{"line":123,"column":19}},"123":{"start":{"line":124,"column":0},"end":{"line":124,"column":28}},"124":{"start":{"line":125,"column":0},"end":{"line":125,"column":28}},"125":{"start":{"line":126,"column":0},"end":{"line":126,"column":19}},"126":{"start":{"line":127,"column":0},"end":{"line":127,"column":53}},"127":{"start":{"line":128,"column":0},"end":{"line":128,"column":99}},"128":{"start":{"line":129,"column":0},"end":{"line":129,"column":102}},"129":{"start":{"line":130,"column":0},"end":{"line":130,"column":28}},"130":{"start":{"line":131,"column":0},"end":{"line":131,"column":27}},"131":{"start":{"line":132,"column":0},"end":{"line":132,"column":27}},"132":{"start":{"line":133,"column":0},"end":{"line":133,"column":51}},"133":{"start":{"line":134,"column":0},"end":{"line":134,"column":42}},"134":{"start":{"line":135,"column":0},"end":{"line":135,"column":124}},"135":{"start":{"line":136,"column":0},"end":{"line":136,"column":31}},"136":{"start":{"line":137,"column":0},"end":{"line":137,"column":31}},"137":{"start":{"line":138,"column":0},"end":{"line":138,"column":19}},"138":{"start":{"line":139,"column":0},"end":{"line":139,"column":28}},"139":{"start":{"line":140,"column":0},"end":{"line":140,"column":28}},"140":{"start":{"line":141,"column":0},"end":{"line":141,"column":19}},"141":{"start":{"line":142,"column":0},"end":{"line":142,"column":104}},"142":{"start":{"line":143,"column":0},"end":{"line":143,"column":27}},"143":{"start":{"line":144,"column":0},"end":{"line":144,"column":22}},"144":{"start":{"line":145,"column":0},"end":{"line":145,"column":16}},"146":{"start":{"line":147,"column":0},"end":{"line":147,"column":1}}},"s":{"1":1,"2":1,"4":1,"5":1,"6":1,"7":1,"8":1,"9":1,"10":1,"21":1,"22":37,"23":37,"24":37,"25":37,"26":37,"27":37,"28":37,"29":37,"30":37,"32":37,"33":37,"34":37,"35":37,"36":37,"37":37,"38":37,"39":37,"40":37,"41":37,"42":37,"43":37,"44":37,"46":37,"47":37,"48":7,"49":7,"50":7,"51":7,"52":7,"54":0,"57":30,"59":37,"60":37,"61":37,"62":37,"63":37,"64":37,"65":37,"66":37,"68":37,"69":37,"70":37,"71":37,"72":37,"74":37,"75":37,"76":37,"77":37,"78":37,"80":37,"81":37,"82":37,"83":37,"84":37,"86":37,"87":37,"88":37,"89":37,"90":37,"92":37,"93":37,"94":37,"95":37,"96":37,"98":37,"99":37,"100":37,"101":37,"102":37,"103":37,"104":37,"105":37,"106":37,"107":37,"108":37,"109":37,"110":37,"111":37,"112":37,"113":37,"114":37,"115":37,"116":37,"117":37,"118":37,"119":108,"120":108,"121":108,"122":37,"123":37,"124":37,"125":37,"126":37,"127":37,"128":37,"129":37,"130":37,"131":37,"132":37,"133":37,"134":108,"135":108,"136":108,"137":37,"138":37,"139":37,"140":37,"141":37,"142":37,"143":37,"144":37,"146":37},"branchMap":{"0":{"type":"branch","line":22,"loc":{"start":{"line":22,"column":59},"end":{"line":147,"column":1}},"locations":[{"start":{"line":22,"column":59},"end":{"line":147,"column":1}}]},"1":{"type":"branch","line":48,"loc":{"start":{"line":48,"column":25},"end":{"line":55,"column":52}},"locations":[{"start":{"line":48,"column":25},"end":{"line":55,"column":52}}]},"2":{"type":"branch","line":53,"loc":{"start":{"line":53,"column":22},"end":{"line":55,"column":52}},"locations":[{"start":{"line":53,"column":22},"end":{"line":55,"column":52}}]},"3":{"type":"branch","line":55,"loc":{"start":{"line":55,"column":51},"end":{"line":58,"column":44}},"locations":[{"start":{"line":55,"column":51},"end":{"line":58,"column":44}}]},"4":{"type":"branch","line":119,"loc":{"start":{"line":119,"column":17},"end":{"line":119,"column":33}},"locations":[{"start":{"line":119,"column":17},"end":{"line":119,"column":33}}]},"5":{"type":"branch","line":134,"loc":{"start":{"line":134,"column":17},"end":{"line":134,"column":31}},"locations":[{"start":{"line":134,"column":17},"end":{"line":134,"column":31}}]},"6":{"type":"branch","line":66,"loc":{"start":{"line":66,"column":29},"end":{"line":66,"column":66}},"locations":[{"start":{"line":66,"column":29},"end":{"line":66,"column":66}}]},"7":{"type":"branch","line":72,"loc":{"start":{"line":72,"column":29},"end":{"line":72,"column":70}},"locations":[{"start":{"line":72,"column":29},"end":{"line":72,"column":70}}]},"8":{"type":"branch","line":78,"loc":{"start":{"line":78,"column":29},"end":{"line":78,"column":70}},"locations":[{"start":{"line":78,"column":29},"end":{"line":78,"column":70}}]},"9":{"type":"branch","line":84,"loc":{"start":{"line":84,"column":29},"end":{"line":84,"column":71}},"locations":[{"start":{"line":84,"column":29},"end":{"line":84,"column":71}}]},"10":{"type":"branch","line":90,"loc":{"start":{"line":90,"column":29},"end":{"line":90,"column":70}},"locations":[{"start":{"line":90,"column":29},"end":{"line":90,"column":70}}]},"11":{"type":"branch","line":96,"loc":{"start":{"line":96,"column":29},"end":{"line":96,"column":70}},"locations":[{"start":{"line":96,"column":29},"end":{"line":96,"column":70}}]},"12":{"type":"branch","line":119,"loc":{"start":{"line":119,"column":33},"end":{"line":122,"column":31}},"locations":[{"start":{"line":119,"column":33},"end":{"line":122,"column":31}}]},"13":{"type":"branch","line":134,"loc":{"start":{"line":134,"column":31},"end":{"line":137,"column":31}},"locations":[{"start":{"line":134,"column":31},"end":{"line":137,"column":31}}]}},"b":{"0":[37],"1":[7],"2":[0],"3":[30],"4":[36],"5":[36],"6":[1],"7":[1],"8":[1],"9":[1],"10":[1],"11":[1],"12":[108],"13":[108]},"fnMap":{"0":{"name":"FilterAccordion","decl":{"start":{"line":22,"column":59},"end":{"line":147,"column":1}},"loc":{"start":{"line":22,"column":59},"end":{"line":147,"column":1}},"line":22},"1":{"name":"onClick","decl":{"start":{"line":66,"column":29},"end":{"line":66,"column":66}},"loc":{"start":{"line":66,"column":29},"end":{"line":66,"column":66}},"line":66},"2":{"name":"onClick","decl":{"start":{"line":72,"column":29},"end":{"line":72,"column":70}},"loc":{"start":{"line":72,"column":29},"end":{"line":72,"column":70}},"line":72},"3":{"name":"onClick","decl":{"start":{"line":78,"column":29},"end":{"line":78,"column":70}},"loc":{"start":{"line":78,"column":29},"end":{"line":78,"column":70}},"line":78},"4":{"name":"onClick","decl":{"start":{"line":84,"column":29},"end":{"line":84,"column":71}},"loc":{"start":{"line":84,"column":29},"end":{"line":84,"column":71}},"line":84},"5":{"name":"onClick","decl":{"start":{"line":90,"column":29},"end":{"line":90,"column":70}},"loc":{"start":{"line":90,"column":29},"end":{"line":90,"column":70}},"line":90},"6":{"name":"onClick","decl":{"start":{"line":96,"column":29},"end":{"line":96,"column":70}},"loc":{"start":{"line":96,"column":29},"end":{"line":96,"column":70}},"line":96}},"f":{"0":37,"1":1,"2":1,"3":1,"4":1,"5":1,"6":1}}
,"/home/decante/Desktop/projects/metrics-app/src/presentation/hooks/useListCategories.ts": {"path":"/home/decante/Desktop/projects/metrics-app/src/presentation/hooks/useListCategories.ts","all":false,"statementMap":{"0":{"start":{"line":1,"column":0},"end":{"line":1,"column":49}},"3":{"start":{"line":4,"column":0},"end":{"line":4,"column":70}},"4":{"start":{"line":5,"column":0},"end":{"line":5,"column":19}},"5":{"start":{"line":6,"column":0},"end":{"line":6,"column":29}},"6":{"start":{"line":7,"column":0},"end":{"line":7,"column":26}},"7":{"start":{"line":8,"column":0},"end":{"line":8,"column":44}},"8":{"start":{"line":9,"column":0},"end":{"line":9,"column":6}},"9":{"start":{"line":10,"column":0},"end":{"line":10,"column":5}},"10":{"start":{"line":11,"column":0},"end":{"line":11,"column":2}}},"s":{"0":1,"3":1,"4":30,"5":30,"6":30,"7":19,"8":19,"9":30,"10":30},"branchMap":{"0":{"type":"branch","line":4,"loc":{"start":{"line":4,"column":33},"end":{"line":11,"column":2}},"locations":[{"start":{"line":4,"column":33},"end":{"line":11,"column":2}}]},"1":{"type":"branch","line":7,"loc":{"start":{"line":7,"column":13},"end":{"line":9,"column":6}},"locations":[{"start":{"line":7,"column":13},"end":{"line":9,"column":6}}]}},"b":{"0":[30],"1":[19]},"fnMap":{"0":{"name":"useListCategories","decl":{"start":{"line":4,"column":33},"end":{"line":11,"column":2}},"loc":{"start":{"line":4,"column":33},"end":{"line":11,"column":2}},"line":4},"1":{"name":"queryFn","decl":{"start":{"line":7,"column":13},"end":{"line":9,"column":6}},"loc":{"start":{"line":7,"column":13},"end":{"line":9,"column":6}},"line":7}},"f":{"0":30,"1":19}}
,"/home/decante/Desktop/projects/metrics-app/src/presentation/hooks/useListProducts.ts": {"path":"/home/decante/Desktop/projects/metrics-app/src/presentation/hooks/useListProducts.ts","all":false,"statementMap":{"0":{"start":{"line":1,"column":0},"end":{"line":1,"column":49}},"3":{"start":{"line":4,"column":0},"end":{"line":4,"column":64}},"4":{"start":{"line":5,"column":0},"end":{"line":5,"column":19}},"5":{"start":{"line":6,"column":0},"end":{"line":6,"column":27}},"6":{"start":{"line":7,"column":0},"end":{"line":7,"column":26}},"7":{"start":{"line":8,"column":0},"end":{"line":8,"column":42}},"8":{"start":{"line":9,"column":0},"end":{"line":9,"column":6}},"9":{"start":{"line":10,"column":0},"end":{"line":10,"column":5}},"10":{"start":{"line":11,"column":0},"end":{"line":11,"column":2}}},"s":{"0":1,"3":1,"4":30,"5":30,"6":30,"7":19,"8":19,"9":30,"10":30},"branchMap":{"0":{"type":"branch","line":4,"loc":{"start":{"line":4,"column":31},"end":{"line":11,"column":2}},"locations":[{"start":{"line":4,"column":31},"end":{"line":11,"column":2}}]},"1":{"type":"branch","line":7,"loc":{"start":{"line":7,"column":13},"end":{"line":9,"column":6}},"locations":[{"start":{"line":7,"column":13},"end":{"line":9,"column":6}}]}},"b":{"0":[30],"1":[19]},"fnMap":{"0":{"name":"useListProducts","decl":{"start":{"line":4,"column":31},"end":{"line":11,"column":2}},"loc":{"start":{"line":4,"column":31},"end":{"line":11,"column":2}},"line":4},"1":{"name":"queryFn","decl":{"start":{"line":7,"column":13},"end":{"line":9,"column":6}},"loc":{"start":{"line":7,"column":13},"end":{"line":9,"column":6}},"line":7}},"f":{"0":30,"1":19}}
,"/home/decante/Desktop/projects/metrics-app/src/presentation/hooks/useLoadMetrics.ts": {"path":"/home/decante/Desktop/projects/metrics-app/src/presentation/hooks/useLoadMetrics.ts","all":false,"statementMap":{"0":{"start":{"line":1,"column":0},"end":{"line":1,"column":49}},"3":{"start":{"line":4,"column":0},"end":{"line":4,"column":89}},"4":{"start":{"line":5,"column":0},"end":{"line":5,"column":19}},"5":{"start":{"line":6,"column":0},"end":{"line":6,"column":35}},"6":{"start":{"line":7,"column":0},"end":{"line":7,"column":26}},"7":{"start":{"line":8,"column":0},"end":{"line":8,"column":48}},"8":{"start":{"line":9,"column":0},"end":{"line":9,"column":6}},"9":{"start":{"line":10,"column":0},"end":{"line":10,"column":5}},"10":{"start":{"line":11,"column":0},"end":{"line":11,"column":2}}},"s":{"0":1,"3":1,"4":30,"5":30,"6":30,"7":25,"8":25,"9":30,"10":30},"branchMap":{"0":{"type":"branch","line":4,"loc":{"start":{"line":4,"column":30},"end":{"line":11,"column":2}},"locations":[{"start":{"line":4,"column":30},"end":{"line":11,"column":2}}]},"1":{"type":"branch","line":7,"loc":{"start":{"line":7,"column":13},"end":{"line":9,"column":6}},"locations":[{"start":{"line":7,"column":13},"end":{"line":9,"column":6}}]}},"b":{"0":[30],"1":[25]},"fnMap":{"0":{"name":"useLoadMetrics","decl":{"start":{"line":4,"column":30},"end":{"line":11,"column":2}},"loc":{"start":{"line":4,"column":30},"end":{"line":11,"column":2}},"line":4},"1":{"name":"queryFn","decl":{"start":{"line":7,"column":13},"end":{"line":9,"column":6}},"loc":{"start":{"line":7,"column":13},"end":{"line":9,"column":6}},"line":7}},"f":{"0":30,"1":25}}
,"/home/decante/Desktop/projects/metrics-app/src/presentation/lib/utils.ts": {"path":"/home/decante/Desktop/projects/metrics-app/src/presentation/lib/utils.ts","all":false,"statementMap":{"0":{"start":{"line":1,"column":0},"end":{"line":1,"column":44}},"1":{"start":{"line":2,"column":0},"end":{"line":2,"column":40}},"3":{"start":{"line":4,"column":0},"end":{"line":4,"column":45}},"4":{"start":{"line":5,"column":0},"end":{"line":5,"column":30}},"5":{"start":{"line":6,"column":0},"end":{"line":6,"column":1}}},"s":{"0":1,"1":1,"3":1,"4":1374,"5":1374},"branchMap":{"0":{"type":"branch","line":4,"loc":{"start":{"line":4,"column":7},"end":{"line":6,"column":1}},"locations":[{"start":{"line":4,"column":7},"end":{"line":6,"column":1}}]}},"b":{"0":[1374]},"fnMap":{"0":{"name":"cn","decl":{"start":{"line":4,"column":7},"end":{"line":6,"column":1}},"loc":{"start":{"line":4,"column":7},"end":{"line":6,"column":1}},"line":4}},"f":{"0":1374}}
,"/home/decante/Desktop/projects/metrics-app/src/presentation/pages/metrics/MetricsPage.tsx": {"path":"/home/decante/Desktop/projects/metrics-app/src/presentation/pages/metrics/MetricsPage.tsx","all":false,"statementMap":{"0":{"start":{"line":1,"column":0},"end":{"line":1,"column":90}},"2":{"start":{"line":3,"column":0},"end":{"line":3,"column":54}},"3":{"start":{"line":4,"column":0},"end":{"line":4,"column":69}},"4":{"start":{"line":5,"column":0},"end":{"line":5,"column":40}},"5":{"start":{"line":6,"column":0},"end":{"line":6,"column":67}},"6":{"start":{"line":7,"column":0},"end":{"line":7,"column":71}},"7":{"start":{"line":8,"column":0},"end":{"line":8,"column":9}},"16":{"start":{"line":17,"column":0},"end":{"line":17,"column":9}},"34":{"start":{"line":35,"column":0},"end":{"line":35,"column":27}},"35":{"start":{"line":36,"column":0},"end":{"line":36,"column":10}},"36":{"start":{"line":37,"column":0},"end":{"line":37,"column":19}},"37":{"start":{"line":38,"column":0},"end":{"line":38,"column":21}},"38":{"start":{"line":39,"column":0},"end":{"line":39,"column":4}},"39":{"start":{"line":40,"column":0},"end":{"line":40,"column":23}},"41":{"start":{"line":42,"column":0},"end":{"line":42,"column":28}},"42":{"start":{"line":43,"column":0},"end":{"line":43,"column":10}},"43":{"start":{"line":44,"column":0},"end":{"line":44,"column":19}},"44":{"start":{"line":45,"column":0},"end":{"line":45,"column":21}},"45":{"start":{"line":46,"column":0},"end":{"line":46,"column":4}},"46":{"start":{"line":47,"column":0},"end":{"line":47,"column":23}},"48":{"start":{"line":49,"column":0},"end":{"line":49,"column":60}},"50":{"start":{"line":51,"column":0},"end":{"line":51,"column":66}},"52":{"start":{"line":53,"column":0},"end":{"line":53,"column":58}},"53":{"start":{"line":54,"column":0},"end":{"line":54,"column":15}},"54":{"start":{"line":55,"column":0},"end":{"line":55,"column":17}},"55":{"start":{"line":56,"column":0},"end":{"line":56,"column":15}},"56":{"start":{"line":57,"column":0},"end":{"line":57,"column":7}},"57":{"start":{"line":58,"column":0},"end":{"line":58,"column":65}},"58":{"start":{"line":59,"column":0},"end":{"line":59,"column":20}},"59":{"start":{"line":60,"column":0},"end":{"line":60,"column":18}},"60":{"start":{"line":61,"column":0},"end":{"line":61,"column":4}},"61":{"start":{"line":62,"column":0},"end":{"line":62,"column":81}},"62":{"start":{"line":63,"column":0},"end":{"line":63,"column":79}},"64":{"start":{"line":65,"column":0},"end":{"line":65,"column":33}},"65":{"start":{"line":66,"column":0},"end":{"line":66,"column":17}},"66":{"start":{"line":67,"column":0},"end":{"line":67,"column":6}},"67":{"start":{"line":68,"column":0},"end":{"line":68,"column":36}},"68":{"start":{"line":69,"column":0},"end":{"line":69,"column":34}},"69":{"start":{"line":70,"column":0},"end":{"line":70,"column":29}},"70":{"start":{"line":71,"column":0},"end":{"line":71,"column":24}},"71":{"start":{"line":72,"column":0},"end":{"line":72,"column":5}},"72":{"start":{"line":73,"column":0},"end":{"line":73,"column":4}},"74":{"start":{"line":75,"column":0},"end":{"line":75,"column":55}},"76":{"start":{"line":77,"column":0},"end":{"line":77,"column":49}},"78":{"start":{"line":79,"column":0},"end":{"line":79,"column":10}},"79":{"start":{"line":80,"column":0},"end":{"line":80,"column":26}},"80":{"start":{"line":81,"column":0},"end":{"line":81,"column":15}},"81":{"start":{"line":82,"column":0},"end":{"line":82,"column":25}},"82":{"start":{"line":83,"column":0},"end":{"line":83,"column":21}},"83":{"start":{"line":84,"column":0},"end":{"line":84,"column":27}},"84":{"start":{"line":85,"column":0},"end":{"line":85,"column":39}},"85":{"start":{"line":86,"column":0},"end":{"line":86,"column":52}},"86":{"start":{"line":87,"column":0},"end":{"line":87,"column":35}},"87":{"start":{"line":88,"column":0},"end":{"line":88,"column":49}},"88":{"start":{"line":89,"column":0},"end":{"line":89,"column":10}},"89":{"start":{"line":90,"column":0},"end":{"line":90,"column":17}},"90":{"start":{"line":91,"column":0},"end":{"line":91,"column":23}},"91":{"start":{"line":92,"column":0},"end":{"line":92,"column":97}},"92":{"start":{"line":93,"column":0},"end":{"line":93,"column":85}},"93":{"start":{"line":94,"column":0},"end":{"line":94,"column":16}},"95":{"start":{"line":96,"column":0},"end":{"line":96,"column":67}},"96":{"start":{"line":97,"column":0},"end":{"line":97,"column":75}},"97":{"start":{"line":98,"column":0},"end":{"line":98,"column":108}},"98":{"start":{"line":99,"column":0},"end":{"line":99,"column":145}},"99":{"start":{"line":100,"column":0},"end":{"line":100,"column":79}},"100":{"start":{"line":101,"column":0},"end":{"line":101,"column":50}},"101":{"start":{"line":102,"column":0},"end":{"line":102,"column":22}},"102":{"start":{"line":103,"column":0},"end":{"line":103,"column":32}},"103":{"start":{"line":104,"column":0},"end":{"line":104,"column":34}},"104":{"start":{"line":105,"column":0},"end":{"line":105,"column":33}},"105":{"start":{"line":106,"column":0},"end":{"line":106,"column":34}},"106":{"start":{"line":107,"column":0},"end":{"line":107,"column":18}},"107":{"start":{"line":108,"column":0},"end":{"line":108,"column":66}},"108":{"start":{"line":109,"column":0},"end":{"line":109,"column":64}},"109":{"start":{"line":110,"column":0},"end":{"line":110,"column":21}},"110":{"start":{"line":111,"column":0},"end":{"line":111,"column":34}},"111":{"start":{"line":112,"column":0},"end":{"line":112,"column":44}},"112":{"start":{"line":113,"column":0},"end":{"line":113,"column":40}},"113":{"start":{"line":114,"column":0},"end":{"line":114,"column":18}},"114":{"start":{"line":115,"column":0},"end":{"line":115,"column":25}},"115":{"start":{"line":116,"column":0},"end":{"line":116,"column":29}},"116":{"start":{"line":117,"column":0},"end":{"line":117,"column":25}},"117":{"start":{"line":118,"column":0},"end":{"line":118,"column":76}},"118":{"start":{"line":119,"column":0},"end":{"line":119,"column":114}},"119":{"start":{"line":120,"column":0},"end":{"line":120,"column":123}},"120":{"start":{"line":121,"column":0},"end":{"line":121,"column":80}},"121":{"start":{"line":122,"column":0},"end":{"line":122,"column":50}},"122":{"start":{"line":123,"column":0},"end":{"line":123,"column":22}},"123":{"start":{"line":124,"column":0},"end":{"line":124,"column":32}},"124":{"start":{"line":125,"column":0},"end":{"line":125,"column":34}},"125":{"start":{"line":126,"column":0},"end":{"line":126,"column":33}},"126":{"start":{"line":127,"column":0},"end":{"line":127,"column":34}},"127":{"start":{"line":128,"column":0},"end":{"line":128,"column":18}},"128":{"start":{"line":129,"column":0},"end":{"line":129,"column":30}},"129":{"start":{"line":130,"column":0},"end":{"line":130,"column":53}},"130":{"start":{"line":131,"column":0},"end":{"line":131,"column":68}},"131":{"start":{"line":132,"column":0},"end":{"line":132,"column":51}},"132":{"start":{"line":133,"column":0},"end":{"line":133,"column":18}},"133":{"start":{"line":134,"column":0},"end":{"line":134,"column":64}},"134":{"start":{"line":135,"column":0},"end":{"line":135,"column":21}},"135":{"start":{"line":136,"column":0},"end":{"line":136,"column":34}},"136":{"start":{"line":137,"column":0},"end":{"line":137,"column":44}},"137":{"start":{"line":138,"column":0},"end":{"line":138,"column":28}},"138":{"start":{"line":139,"column":0},"end":{"line":139,"column":18}},"139":{"start":{"line":140,"column":0},"end":{"line":140,"column":25}},"140":{"start":{"line":141,"column":0},"end":{"line":141,"column":29}},"141":{"start":{"line":142,"column":0},"end":{"line":142,"column":25}},"142":{"start":{"line":143,"column":0},"end":{"line":143,"column":76}},"143":{"start":{"line":144,"column":0},"end":{"line":144,"column":114}},"144":{"start":{"line":145,"column":0},"end":{"line":145,"column":27}},"145":{"start":{"line":146,"column":0},"end":{"line":146,"column":51}},"146":{"start":{"line":147,"column":0},"end":{"line":147,"column":40}},"147":{"start":{"line":148,"column":0},"end":{"line":148,"column":79}},"149":{"start":{"line":150,"column":0},"end":{"line":150,"column":49}},"150":{"start":{"line":151,"column":0},"end":{"line":151,"column":20}},"151":{"start":{"line":152,"column":0},"end":{"line":152,"column":55}},"152":{"start":{"line":153,"column":0},"end":{"line":153,"column":36}},"153":{"start":{"line":154,"column":0},"end":{"line":154,"column":35}},"154":{"start":{"line":155,"column":0},"end":{"line":155,"column":26}},"155":{"start":{"line":156,"column":0},"end":{"line":156,"column":26}},"156":{"start":{"line":157,"column":0},"end":{"line":157,"column":35}},"157":{"start":{"line":158,"column":0},"end":{"line":158,"column":43}},"158":{"start":{"line":159,"column":0},"end":{"line":159,"column":23}},"160":{"start":{"line":161,"column":0},"end":{"line":161,"column":74}},"161":{"start":{"line":162,"column":0},"end":{"line":162,"column":73}},"162":{"start":{"line":163,"column":0},"end":{"line":163,"column":21}},"163":{"start":{"line":164,"column":0},"end":{"line":164,"column":22}},"164":{"start":{"line":165,"column":0},"end":{"line":165,"column":61}},"165":{"start":{"line":166,"column":0},"end":{"line":166,"column":25}},"166":{"start":{"line":167,"column":0},"end":{"line":167,"column":29}},"168":{"start":{"line":169,"column":0},"end":{"line":169,"column":25}},"169":{"start":{"line":170,"column":0},"end":{"line":170,"column":18}},"171":{"start":{"line":172,"column":0},"end":{"line":172,"column":11}},"173":{"start":{"line":174,"column":0},"end":{"line":174,"column":2}}},"s":{"0":1,"2":1,"3":1,"4":1,"5":1,"6":1,"7":1,"16":1,"34":1,"35":1,"36":1,"37":1,"38":1,"39":1,"41":1,"42":1,"43":1,"44":1,"45":1,"46":1,"48":1,"50":1,"52":1,"53":30,"54":30,"55":30,"56":30,"57":30,"58":30,"59":30,"60":30,"61":30,"62":30,"64":30,"65":30,"66":30,"67":30,"68":30,"69":30,"70":30,"71":30,"72":30,"74":30,"76":30,"78":30,"79":30,"80":30,"81":30,"82":30,"83":30,"84":30,"85":30,"86":30,"87":30,"88":30,"89":30,"90":30,"91":2,"92":2,"93":2,"95":28,"96":28,"97":28,"98":28,"99":28,"100":28,"101":28,"102":28,"103":28,"104":28,"105":28,"106":28,"107":28,"108":28,"109":28,"110":28,"111":28,"112":28,"113":28,"114":28,"115":28,"116":28,"117":28,"118":28,"119":28,"120":28,"121":28,"122":28,"123":28,"124":28,"125":28,"126":28,"127":28,"128":28,"129":28,"130":28,"131":28,"132":28,"133":28,"134":28,"135":28,"136":28,"137":28,"138":28,"139":28,"140":28,"141":28,"142":28,"143":28,"144":28,"145":28,"146":28,"147":28,"149":28,"150":28,"151":28,"152":28,"153":28,"154":28,"155":28,"156":28,"157":28,"158":28,"160":28,"161":63,"162":28,"163":28,"164":28,"165":28,"166":28,"168":28,"169":28,"171":30,"173":30},"branchMap":{"0":{"type":"branch","line":51,"loc":{"start":{"line":51,"column":17},"end":{"line":51,"column":66}},"locations":[{"start":{"line":51,"column":17},"end":{"line":51,"column":66}}]},"1":{"type":"branch","line":53,"loc":{"start":{"line":53,"column":55},"end":{"line":174,"column":2}},"locations":[{"start":{"line":53,"column":55},"end":{"line":174,"column":2}}]},"2":{"type":"branch","line":91,"loc":{"start":{"line":91,"column":15},"end":{"line":94,"column":16}},"locations":[{"start":{"line":91,"column":15},"end":{"line":94,"column":16}}]},"3":{"type":"branch","line":94,"loc":{"start":{"line":94,"column":8},"end":{"line":170,"column":18}},"locations":[{"start":{"line":94,"column":8},"end":{"line":170,"column":18}}]},"4":{"type":"branch","line":98,"loc":{"start":{"line":98,"column":72},"end":{"line":98,"column":85}},"locations":[{"start":{"line":98,"column":72},"end":{"line":98,"column":85}}]},"5":{"type":"branch","line":100,"loc":{"start":{"line":100,"column":57},"end":{"line":100,"column":70}},"locations":[{"start":{"line":100,"column":57},"end":{"line":100,"column":70}}]},"6":{"type":"branch","line":119,"loc":{"start":{"line":119,"column":88},"end":{"line":119,"column":102}},"locations":[{"start":{"line":119,"column":88},"end":{"line":119,"column":102}}]},"7":{"type":"branch","line":121,"loc":{"start":{"line":121,"column":57},"end":{"line":121,"column":71}},"locations":[{"start":{"line":121,"column":57},"end":{"line":121,"column":71}}]},"8":{"type":"branch","line":144,"loc":{"start":{"line":144,"column":88},"end":{"line":144,"column":102}},"locations":[{"start":{"line":144,"column":88},"end":{"line":144,"column":102}}]},"9":{"type":"branch","line":152,"loc":{"start":{"line":152,"column":32},"end":{"line":152,"column":46}},"locations":[{"start":{"line":152,"column":32},"end":{"line":152,"column":46}}]},"10":{"type":"branch","line":161,"loc":{"start":{"line":161,"column":27},"end":{"line":161,"column":41}},"locations":[{"start":{"line":161,"column":27},"end":{"line":161,"column":41}}]},"11":{"type":"branch","line":161,"loc":{"start":{"line":161,"column":54},"end":{"line":162,"column":73}},"locations":[{"start":{"line":161,"column":54},"end":{"line":162,"column":73}}]}},"b":{"0":[63],"1":[30],"2":[2],"3":[28],"4":[21],"5":[21],"6":[21],"7":[21],"8":[21],"9":[21],"10":[21],"11":[63]},"fnMap":{"0":{"name":"getColor","decl":{"start":{"line":51,"column":17},"end":{"line":51,"column":66}},"loc":{"start":{"line":51,"column":17},"end":{"line":51,"column":66}},"line":51},"1":{"name":"MetricsPage","decl":{"start":{"line":53,"column":55},"end":{"line":174,"column":2}},"loc":{"start":{"line":53,"column":55},"end":{"line":174,"column":2}},"line":53},"2":{"name":"formatter","decl":{"start":{"line":131,"column":29},"end":{"line":131,"column":68}},"loc":{"start":{"line":131,"column":29},"end":{"line":131,"column":68}},"line":131}},"f":{"0":63,"1":30,"2":0}}
,"/home/decante/Desktop/projects/metrics-app/src/presentation/utils/date-range-handler.ts": {"path":"/home/decante/Desktop/projects/metrics-app/src/presentation/utils/date-range-handler.ts","all":false,"statementMap":{"1":{"start":{"line":2,"column":0},"end":{"line":2,"column":72}},"3":{"start":{"line":4,"column":0},"end":{"line":4,"column":31}},"4":{"start":{"line":5,"column":0},"end":{"line":5,"column":14}},"5":{"start":{"line":6,"column":0},"end":{"line":6,"column":48}},"6":{"start":{"line":7,"column":0},"end":{"line":7,"column":45}},"7":{"start":{"line":8,"column":0},"end":{"line":8,"column":6}},"9":{"start":{"line":10,"column":0},"end":{"line":10,"column":40}},"10":{"start":{"line":11,"column":0},"end":{"line":11,"column":24}},"11":{"start":{"line":12,"column":0},"end":{"line":12,"column":26}},"12":{"start":{"line":13,"column":0},"end":{"line":13,"column":3}},"14":{"start":{"line":15,"column":0},"end":{"line":15,"column":17}},"15":{"start":{"line":16,"column":0},"end":{"line":16,"column":46}},"16":{"start":{"line":17,"column":0},"end":{"line":17,"column":3}},"18":{"start":{"line":19,"column":0},"end":{"line":19,"column":21}},"19":{"start":{"line":20,"column":0},"end":{"line":20,"column":50}},"20":{"start":{"line":21,"column":0},"end":{"line":21,"column":3}},"22":{"start":{"line":23,"column":0},"end":{"line":23,"column":21}},"23":{"start":{"line":24,"column":0},"end":{"line":24,"column":50}},"24":{"start":{"line":25,"column":0},"end":{"line":25,"column":3}},"26":{"start":{"line":27,"column":0},"end":{"line":27,"column":22}},"27":{"start":{"line":28,"column":0},"end":{"line":28,"column":51}},"28":{"start":{"line":29,"column":0},"end":{"line":29,"column":3}},"30":{"start":{"line":31,"column":0},"end":{"line":31,"column":21}},"31":{"start":{"line":32,"column":0},"end":{"line":32,"column":50}},"32":{"start":{"line":33,"column":0},"end":{"line":33,"column":3}},"34":{"start":{"line":35,"column":0},"end":{"line":35,"column":21}},"35":{"start":{"line":36,"column":0},"end":{"line":36,"column":50}},"36":{"start":{"line":37,"column":0},"end":{"line":37,"column":3}},"37":{"start":{"line":38,"column":0},"end":{"line":38,"column":1}}},"s":{"1":1,"3":1,"4":1,"5":37,"6":37,"7":37,"9":1,"10":6,"11":6,"12":6,"14":1,"15":1,"16":1,"18":1,"19":1,"20":1,"22":1,"23":1,"24":1,"26":1,"27":1,"28":1,"30":1,"31":1,"32":1,"34":1,"35":1,"36":1,"37":1},"branchMap":{"0":{"type":"branch","line":5,"loc":{"start":{"line":5,"column":2},"end":{"line":8,"column":6}},"locations":[{"start":{"line":5,"column":2},"end":{"line":8,"column":6}}]},"1":{"type":"branch","line":10,"loc":{"start":{"line":10,"column":10},"end":{"line":13,"column":3}},"locations":[{"start":{"line":10,"column":10},"end":{"line":13,"column":3}}]},"2":{"type":"branch","line":15,"loc":{"start":{"line":15,"column":2},"end":{"line":17,"column":3}},"locations":[{"start":{"line":15,"column":2},"end":{"line":17,"column":3}}]},"3":{"type":"branch","line":19,"loc":{"start":{"line":19,"column":2},"end":{"line":21,"column":3}},"locations":[{"start":{"line":19,"column":2},"end":{"line":21,"column":3}}]},"4":{"type":"branch","line":23,"loc":{"start":{"line":23,"column":2},"end":{"line":25,"column":3}},"locations":[{"start":{"line":23,"column":2},"end":{"line":25,"column":3}}]},"5":{"type":"branch","line":27,"loc":{"start":{"line":27,"column":2},"end":{"line":29,"column":3}},"locations":[{"start":{"line":27,"column":2},"end":{"line":29,"column":3}}]},"6":{"type":"branch","line":31,"loc":{"start":{"line":31,"column":2},"end":{"line":33,"column":3}},"locations":[{"start":{"line":31,"column":2},"end":{"line":33,"column":3}}]},"7":{"type":"branch","line":35,"loc":{"start":{"line":35,"column":2},"end":{"line":37,"column":3}},"locations":[{"start":{"line":35,"column":2},"end":{"line":37,"column":3}}]}},"b":{"0":[37],"1":[6],"2":[1],"3":[1],"4":[1],"5":[1],"6":[1],"7":[1]},"fnMap":{"0":{"name":"DateRangeHandler","decl":{"start":{"line":5,"column":2},"end":{"line":8,"column":6}},"loc":{"start":{"line":5,"column":2},"end":{"line":8,"column":6}},"line":5},"1":{"name":"applyRange","decl":{"start":{"line":10,"column":10},"end":{"line":13,"column":3}},"loc":{"start":{"line":10,"column":10},"end":{"line":13,"column":3}},"line":10},"2":{"name":"handleToday","decl":{"start":{"line":15,"column":2},"end":{"line":17,"column":3}},"loc":{"start":{"line":15,"column":2},"end":{"line":17,"column":3}},"line":15},"3":{"name":"handleYesterday","decl":{"start":{"line":19,"column":2},"end":{"line":21,"column":3}},"loc":{"start":{"line":19,"column":2},"end":{"line":21,"column":3}},"line":19},"4":{"name":"handleLast7Days","decl":{"start":{"line":23,"column":2},"end":{"line":25,"column":3}},"loc":{"start":{"line":23,"column":2},"end":{"line":25,"column":3}},"line":23},"5":{"name":"handleLast30Days","decl":{"start":{"line":27,"column":2},"end":{"line":29,"column":3}},"loc":{"start":{"line":27,"column":2},"end":{"line":29,"column":3}},"line":27},"6":{"name":"handleThisMonth","decl":{"start":{"line":31,"column":2},"end":{"line":33,"column":3}},"loc":{"start":{"line":31,"column":2},"end":{"line":33,"column":3}},"line":31},"7":{"name":"handleLastMonth","decl":{"start":{"line":35,"column":2},"end":{"line":37,"column":3}},"loc":{"start":{"line":35,"column":2},"end":{"line":37,"column":3}},"line":35}},"f":{"0":37,"1":6,"2":1,"3":1,"4":1,"5":1,"6":1,"7":1}}
,"/home/decante/Desktop/projects/metrics-app/src/presentation/utils/format.ts": {"path":"/home/decante/Desktop/projects/metrics-app/src/presentation/utils/format.ts","all":false,"statementMap":{"0":{"start":{"line":1,"column":0},"end":{"line":1,"column":62}},"1":{"start":{"line":2,"column":0},"end":{"line":2,"column":40}},"2":{"start":{"line":3,"column":0},"end":{"line":3,"column":41}},"3":{"start":{"line":4,"column":0},"end":{"line":4,"column":22}},"4":{"start":{"line":5,"column":0},"end":{"line":5,"column":20}},"5":{"start":{"line":6,"column":0},"end":{"line":6,"column":19}},"6":{"start":{"line":7,"column":0},"end":{"line":7,"column":2}}},"s":{"0":1,"1":60,"2":45,"3":45,"4":45,"5":45,"6":45},"branchMap":{"0":{"type":"branch","line":1,"loc":{"start":{"line":1,"column":30},"end":{"line":7,"column":2}},"locations":[{"start":{"line":1,"column":30},"end":{"line":7,"column":2}}]},"1":{"type":"branch","line":2,"loc":{"start":{"line":2,"column":27},"end":{"line":7,"column":2}},"locations":[{"start":{"line":2,"column":27},"end":{"line":7,"column":2}}]},"2":{"type":"branch","line":2,"loc":{"start":{"line":2,"column":27},"end":{"line":2,"column":40}},"locations":[{"start":{"line":2,"column":27},"end":{"line":2,"column":40}}]},"3":{"type":"branch","line":2,"loc":{"start":{"line":2,"column":34},"end":{"line":7,"column":2}},"locations":[{"start":{"line":2,"column":34},"end":{"line":7,"column":2}}]}},"b":{"0":[60],"1":[59],"2":[15],"3":[45]},"fnMap":{"0":{"name":"formatCurrency","decl":{"start":{"line":1,"column":30},"end":{"line":7,"column":2}},"loc":{"start":{"line":1,"column":30},"end":{"line":7,"column":2}},"line":1}},"f":{"0":60}}
}
